--------------------------------------------------------------------------------
Release 14.7 Trace  (nt64)
Copyright (c) 1995-2013 Xilinx, Inc.  All rights reserved.

D:\Xilinx\14.7\ISE_DS\ISE\bin\nt64\unwrapped\trce.exe -intstyle ise -v 3 -s 3
-n 3 -fastpaths -xml Top.twx Top.ncd -o Top.twr Top.pcf -ucf Top.ucf

Design file:              Top.ncd
Physical constraint file: Top.pcf
Device,package,speed:     xc6slx16,csg324,C,-3 (PRODUCTION 1.23 2013-10-13)
Report level:             verbose report

Environment Variable      Effect 
--------------------      ------ 
NONE                      No environment variables were set
--------------------------------------------------------------------------------

INFO:Timing:2698 - No timing constraints found, doing default enumeration.
INFO:Timing:3412 - To improve timing, see the Timing Closure User Guide (UG612).
INFO:Timing:2752 - To get complete path coverage, use the unconstrained paths 
   option. All paths that are not constrained will be reported in the 
   unconstrained paths section(s) of the report.
INFO:Timing:3339 - The clock-to-out numbers in this timing report are based on 
   a 50 Ohm transmission line loading model.  For the details of this model, 
   and for more information on accounting for different loading conditions, 
   please see the device datasheet.



Data Sheet report:
-----------------
All values displayed in nanoseconds (ns)

Setup/Hold to clock Clk
------------+------------+------------+------------+------------+------------------+--------+
            |Max Setup to|  Process   |Max Hold to |  Process   |                  | Clock  |
Source      | clk (edge) |   Corner   | clk (edge) |   Corner   |Internal Clock(s) | Phase  |
------------+------------+------------+------------+------------+------------------+--------+
Rst         |    5.362(R)|      SLOW  |   -1.485(R)|      FAST  |Clk_BUFGP         |   0.000|
------------+------------+------------+------------+------------+------------------+--------+

Clock Clk to Pad
------------+-----------------+------------+-----------------+------------+------------------+--------+
            |Max (slowest) clk|  Process   |Min (fastest) clk|  Process   |                  | Clock  |
Destination |  (edge) to PAD  |   Corner   |  (edge) to PAD  |   Corner   |Internal Clock(s) | Phase  |
------------+-----------------+------------+-----------------+------------+------------------+--------+
Blue<0>     |         7.662(R)|      SLOW  |         4.018(R)|      FAST  |Clk_BUFGP         |   0.000|
Blue<1>     |         7.798(R)|      SLOW  |         4.100(R)|      FAST  |Clk_BUFGP         |   0.000|
Green<0>    |         7.432(R)|      SLOW  |         3.862(R)|      FAST  |Clk_BUFGP         |   0.000|
Green<1>    |         7.474(R)|      SLOW  |         3.896(R)|      FAST  |Clk_BUFGP         |   0.000|
Green<2>    |         7.650(R)|      SLOW  |         4.042(R)|      FAST  |Clk_BUFGP         |   0.000|
Hsync       |         9.525(R)|      SLOW  |         4.940(R)|      FAST  |Clk_BUFGP         |   0.000|
Red<0>      |         7.289(R)|      SLOW  |         3.790(R)|      FAST  |Clk_BUFGP         |   0.000|
Red<1>      |         7.226(R)|      SLOW  |         3.752(R)|      FAST  |Clk_BUFGP         |   0.000|
Red<2>      |         7.394(R)|      SLOW  |         3.839(R)|      FAST  |Clk_BUFGP         |   0.000|
Vsync       |         9.276(R)|      SLOW  |         4.360(R)|      FAST  |Clk_BUFGP         |   0.000|
------------+-----------------+------------+-----------------+------------+------------------+--------+

Clock to Setup on destination clock Clk
---------------+---------+---------+---------+---------+
               | Src:Rise| Src:Fall| Src:Rise| Src:Fall|
Source Clock   |Dest:Rise|Dest:Rise|Dest:Fall|Dest:Fall|
---------------+---------+---------+---------+---------+
Clk            |    8.268|         |         |         |
---------------+---------+---------+---------+---------+


Analysis completed Sun Dec 06 14:21:35 2020 
--------------------------------------------------------------------------------

Trace Settings:
-------------------------
Trace Settings 

Peak Memory Usage: 4558 MB



