--------------------------------------------------------------------------------
Release 14.7 Trace  (nt64)
Copyright (c) 1995-2013 Xilinx, Inc.  All rights reserved.

D:\Xilinx\14.7\ISE_DS\ISE\bin\nt64\unwrapped\trce.exe -intstyle ise -v 3 -s 3
-n 3 -fastpaths -xml Top.twx Top.ncd -o Top.twr Top.pcf -ucf Top.ucf

Design file:              Top.ncd
Physical constraint file: Top.pcf
Device,package,speed:     xc6slx16,csg324,C,-3 (PRODUCTION 1.23 2013-10-13)
Report level:             verbose report

Environment Variable      Effect 
--------------------      ------ 
NONE                      No environment variables were set
--------------------------------------------------------------------------------

INFO:Timing:2698 - No timing constraints found, doing default enumeration.
INFO:Timing:3412 - To improve timing, see the Timing Closure User Guide (UG612).
INFO:Timing:2752 - To get complete path coverage, use the unconstrained paths 
   option. All paths that are not constrained will be reported in the 
   unconstrained paths section(s) of the report.
INFO:Timing:3339 - The clock-to-out numbers in this timing report are based on 
   a 50 Ohm transmission line loading model.  For the details of this model, 
   and for more information on accounting for different loading conditions, 
   please see the device datasheet.



Data Sheet report:
-----------------
All values displayed in nanoseconds (ns)

Setup/Hold to clock Clk
------------+------------+------------+------------+------------+------------------+--------+
            |Max Setup to|  Process   |Max Hold to |  Process   |                  | Clock  |
Source      | clk (edge) |   Corner   | clk (edge) |   Corner   |Internal Clock(s) | Phase  |
------------+------------+------------+------------+------------+------------------+--------+
Rst         |    5.110(R)|      SLOW  |   -1.667(R)|      FAST  |Clk_BUFGP         |   0.000|
------------+------------+------------+------------+------------+------------------+--------+

Clock Clk to Pad
------------+-----------------+------------+-----------------+------------+------------------+--------+
            |Max (slowest) clk|  Process   |Min (fastest) clk|  Process   |                  | Clock  |
Destination |  (edge) to PAD  |   Corner   |  (edge) to PAD  |   Corner   |Internal Clock(s) | Phase  |
------------+-----------------+------------+-----------------+------------+------------------+--------+
Blue<0>     |         7.494(R)|      SLOW  |         3.914(R)|      FAST  |Clk_BUFGP         |   0.000|
Blue<1>     |         7.848(R)|      SLOW  |         4.186(R)|      FAST  |Clk_BUFGP         |   0.000|
Green<0>    |         7.737(R)|      SLOW  |         4.068(R)|      FAST  |Clk_BUFGP         |   0.000|
Green<1>    |         7.747(R)|      SLOW  |         4.073(R)|      FAST  |Clk_BUFGP         |   0.000|
Green<2>    |         7.747(R)|      SLOW  |         4.073(R)|      FAST  |Clk_BUFGP         |   0.000|
Hsync       |         9.054(R)|      SLOW  |         4.713(R)|      FAST  |Clk_BUFGP         |   0.000|
Red<0>      |         7.549(R)|      SLOW  |         3.961(R)|      FAST  |Clk_BUFGP         |   0.000|
Red<1>      |         7.786(R)|      SLOW  |         4.118(R)|      FAST  |Clk_BUFGP         |   0.000|
Red<2>      |         7.713(R)|      SLOW  |         4.053(R)|      FAST  |Clk_BUFGP         |   0.000|
Vsync       |         9.249(R)|      SLOW  |         4.490(R)|      FAST  |Clk_BUFGP         |   0.000|
------------+-----------------+------------+-----------------+------------+------------------+--------+

Clock to Setup on destination clock Clk
---------------+---------+---------+---------+---------+
               | Src:Rise| Src:Fall| Src:Rise| Src:Fall|
Source Clock   |Dest:Rise|Dest:Rise|Dest:Fall|Dest:Fall|
---------------+---------+---------+---------+---------+
Clk            |    4.619|         |         |         |
---------------+---------+---------+---------+---------+


Analysis completed Mon Dec 07 10:21:47 2020 
--------------------------------------------------------------------------------

Trace Settings:
-------------------------
Trace Settings 

Peak Memory Usage: 4555 MB



