INFO:sim:172 - Generating IP...
Applying current project options...
Finished applying current project options.
WARNING:sim - A core named 'ROM_1' already exists in the project. Output
   products for this core may be overwritten.
Resolving generics for 'ROM_1'...
WARNING:sim - A core named 'ROM_1' already exists in the project. Output
   products for this core may be overwritten.
Applying external generics to 'ROM_1'...
Delivering associated files for 'ROM_1'...
Delivering EJava files for 'ROM_1'...
Generating implementation netlist for 'ROM_1'...
INFO:sim - Pre-processing HDL files for 'ROM_1'...
Running synthesis for 'ROM_1'
Running ngcbuild...
Writing VHO instantiation template for 'ROM_1'...
Writing VHDL behavioral simulation model for 'ROM_1'...
WARNING:sim - Overwriting existing file
   C:/SisDigAvan/P29_VGA_Display_ROM/ipcore_dir/tmp/_cg/ROM_1/doc/blk_mem_gen_v7
   _3_vinfo.html with file from view xilinx_documentation
Delivered 1 file into directory
C:/SisDigAvan/P29_VGA_Display_ROM/ipcore_dir/tmp/_cg/ROM_1
Generating ASY schematic symbol...
INFO:sim:949 - Finished generation of ASY schematic symbol.
Generating SYM schematic symbol for 'ROM_1'...
Generating metadata file...
Regenerating ISE project file for 'ROM_1'...
Generating ISE project...
XCO file found: ROM_1.xco
XMDF file found: ROM_1_xmdf.tcl
Adding C:/SisDigAvan/P29_VGA_Display_ROM/ipcore_dir/tmp/_cg/ROM_1.asy -view all
-origin_type imported
Adding C:/SisDigAvan/P29_VGA_Display_ROM/ipcore_dir/tmp/_cg/ROM_1.ngc -view all
-origin_type created
Checking file "C:/SisDigAvan/P29_VGA_Display_ROM/ipcore_dir/tmp/_cg/ROM_1.ngc"
for project device match ...
File "C:/SisDigAvan/P29_VGA_Display_ROM/ipcore_dir/tmp/_cg/ROM_1.ngc" device
information matches project device.
Adding C:/SisDigAvan/P29_VGA_Display_ROM/ipcore_dir/tmp/_cg/ROM_1.sym -view all
-origin_type imported
Adding C:/SisDigAvan/P29_VGA_Display_ROM/ipcore_dir/tmp/_cg/ROM_1.vhd -view all
-origin_type created
INFO:HDLCompiler:1061 - Parsing VHDL file
   "C:/SisDigAvan/P29_VGA_Display_ROM/ipcore_dir/tmp/_cg/ROM_1.vhd" into library
   work
INFO:ProjectMgmt - Parsing design hierarchy completed successfully.
Adding C:/SisDigAvan/P29_VGA_Display_ROM/ipcore_dir/tmp/_cg/ROM_1.vho -view all
-origin_type imported
INFO:TclTasksC:2116 - The automatic calculation of top has been turned-off.
   Please set the new top explicitly by running the "project set top" command.
   To re-calculate the new top automatically, set the "Auto Implementation Top"
   property to true.
Top level has been set to "/ROM_1"
Generating README file...
Generating FLIST file...
INFO:sim:948 - Finished FLIST file generation.
Launching README viewer...
Moving files to output directory...
Finished moving files to output directory
Wrote CGP file for project 'ROM_1'.
